Arguments: 
  C:\Program Files\nodejs\node.exe C:\Users\remre\AppData\Roaming\npm\node_modules\yarn\bin\yarn.js add mongoose-unique-validator

PATH: 
  C:\Python311\Scripts\;C:\Python311\;C:\Program Files (x86)\ActiveState Komodo Edit 12\;C:\WINDOWS\system32;C:\WINDOWS;C:\WINDOWS\System32\Wbem;C:\WINDOWS\System32\WindowsPowerShell\v1.0\;C:\WINDOWS\System32\OpenSSH\;C:\Program Files\Intel\WiFi\bin\;C:\Program Files\Common Files\Intel\WirelessCommon\;C:\Program Files\Inkscape\bin;C:\Program Files (x86)\dotnet\;C:\Program Files\nodejs\;C:\ProgramData\chocolatey\bin;C:\Users\remre\AppData\Local\ActiveState\StateTool\release\bin;C:\Users\remre\AppData\Local\Microsoft\WindowsApps;C:\Users\remre\AppData\Local\Programs\Microsoft VS Code\bin;C:\Users\remre\AppData\Local\Programs\Git\cmd;C:\Users\remre\AppData\Roaming\npm

Yarn version: 
  1.22.19

Node version: 
  18.12.1

Platform: 
  win32 x64

Trace: 
  Error: EPERM: operation not permitted, unlink 'C:\Users\remre\Documents\Rem\coursInformatique\openclassrooms\projet7\code - version async\backend\node_modules\bcrypt\lib\binding\napi-v3\bcrypt_lib.node'

npm manifest: 
  {
    "name": "backend",
    "version": "1.0.0",
    "description": "",
    "main": "server.js",
    "scripts": {
      "test": "echo \"Error: no test specified\" && exit 1"
    },
    "author": "",
    "license": "ISC",
    "dependencies": {
      "bcrypt": "^5.1.0",
      "dotenv": "^16.0.3",
      "express": "^4.18.2",
      "express-mongo-sanitize": "^2.2.0",
      "express-rate-limit": "^6.7.0",
      "express-validator": "^7.0.1",
      "helmet": "^6.1.5",
      "jsonwebtoken": "^9.0.0",
      "mongoose": "^7.0.3",
      "multer": "^1.4.5-lts.1"
    }
  }

yarn manifest: 
  No manifest

Lockfile: 
  No lockfile
